This file contains any messages produced by compilers while
running configure, to aid debugging if configure makes a mistake.

It was created by libebpf configure 0.1, which was
generated by GNU Autoconf 2.69.  Invocation command line was

  $ ./configure 

## --------- ##
## Platform. ##
## --------- ##

hostname = isengard
uname -m = x86_64
uname -r = 3.16.4-200.fc20.x86_64
uname -s = Linux
uname -v = #1 SMP Mon Oct 6 12:57:00 UTC 2014

/usr/bin/uname -p = x86_64
/bin/uname -X     = unknown

/bin/arch              = x86_64
/usr/bin/arch -k       = unknown
/usr/convex/getsysinfo = unknown
/usr/bin/hostinfo      = unknown
/bin/machine           = unknown
/usr/bin/oslevel       = unknown
/bin/universe          = unknown

PATH: /usr/lib64/qt-3.3/bin
PATH: /usr/local/bin
PATH: /usr/local/sbin
PATH: /usr/bin
PATH: /usr/sbin
PATH: /bin
PATH: /sbin
PATH: /home/suchakra/android-studio/bin
PATH: /home/suchakra/Android/Sdk/platform-tools
PATH: /home/suchakra/.local/bin
PATH: /home/suchakra/bin
PATH: /home/suchakra/android-studio/bin
PATH: /home/suchakra/Android/Sdk/platform-tools


## ----------- ##
## Core tests. ##
## ----------- ##

configure:2313: checking for a BSD-compatible install
configure:2381: result: /usr/bin/install -c
configure:2392: checking whether build environment is sane
configure:2447: result: yes
configure:2598: checking for a thread-safe mkdir -p
configure:2637: result: /usr/bin/mkdir -p
configure:2644: checking for gawk
configure:2660: found /usr/bin/gawk
configure:2671: result: gawk
configure:2682: checking whether make sets $(MAKE)
configure:2704: result: yes
configure:2733: checking whether make supports nested variables
configure:2750: result: yes
configure:2981: checking that generated files are newer than configure
configure:2987: result: done
configure:2995: creating ./config.status

## ---------------------- ##
## Running config.status. ##
## ---------------------- ##

This file was extended by libebpf config.status 0.1, which was
generated by GNU Autoconf 2.69.  Invocation command line was

  CONFIG_FILES    = 
  CONFIG_HEADERS  = 
  CONFIG_LINKS    = 
  CONFIG_COMMANDS = 
  $ ./config.status 

on isengard

config.status:797: creating Makefile
config.status:797: creating src/Makefile
configure:4048: checking build system type
configure:4062: result: x86_64-unknown-linux-gnu
configure:4082: checking host system type
configure:4095: result: x86_64-unknown-linux-gnu
configure:4136: checking how to print strings
configure:4163: result: printf
configure:4196: checking for style of include used by make
configure:4224: result: GNU
configure:4295: checking for gcc
configure:4311: found /usr/bin/gcc
configure:4322: result: gcc
configure:4551: checking for C compiler version
configure:4560: gcc --version >&5
gcc (GCC) 4.8.3 20140911 (Red Hat 4.8.3-7)
Copyright (C) 2013 Free Software Foundation, Inc.
This is free software; see the source for copying conditions.  There is NO
warranty; not even for MERCHANTABILITY or FITNESS FOR A PARTICULAR PURPOSE.

configure:4571: $? = 0
configure:4560: gcc -v >&5
Using built-in specs.
COLLECT_GCC=gcc
COLLECT_LTO_WRAPPER=/usr/libexec/gcc/x86_64-redhat-linux/4.8.3/lto-wrapper
Target: x86_64-redhat-linux
Configured with: ../configure --prefix=/usr --mandir=/usr/share/man --infodir=/usr/share/info --with-bugurl=http://bugzilla.redhat.com/bugzilla --enable-bootstrap --enable-shared --enable-threads=posix --enable-checking=release --with-system-zlib --enable-__cxa_atexit --disable-libunwind-exceptions --enable-gnu-unique-object --enable-linker-build-id --with-linker-hash-style=gnu --enable-languages=c,c++,objc,obj-c++,java,fortran,ada,go,lto --enable-plugin --enable-initfini-array --enable-java-awt=gtk --disable-dssi --with-java-home=/usr/lib/jvm/java-1.5.0-gcj-1.5.0.0/jre --enable-libgcj-multifile --enable-java-maintainer-mode --with-ecj-jar=/usr/share/java/eclipse-ecj.jar --disable-libjava-multilib --with-isl=/builddir/build/BUILD/gcc-4.8.3-20140911/obj-x86_64-redhat-linux/isl-install --with-cloog=/builddir/build/BUILD/gcc-4.8.3-20140911/obj-x86_64-redhat-linux/cloog-install --with-tune=generic --with-arch_32=i686 --build=x86_64-redhat-linux
Thread model: posix
gcc version 4.8.3 20140911 (Red Hat 4.8.3-7) (GCC) 
configure:4571: $? = 0
configure:4560: gcc -V >&5
gcc: error: unrecognized command line option '-V'
gcc: fatal error: no input files
compilation terminated.
configure:4571: $? = 4
configure:4560: gcc -qversion >&5
gcc: error: unrecognized command line option '-qversion'
gcc: fatal error: no input files
compilation terminated.
configure:4571: $? = 4
configure:4591: checking whether the C compiler works
configure:4613: gcc    conftest.c  >&5
configure:4617: $? = 0
configure:4665: result: yes
configure:4668: checking for C compiler default output file name
configure:4670: result: a.out
configure:4676: checking for suffix of executables
configure:4683: gcc -o conftest    conftest.c  >&5
configure:4687: $? = 0
configure:4709: result: 
configure:4731: checking whether we are cross compiling
configure:4739: gcc -o conftest    conftest.c  >&5
configure:4743: $? = 0
configure:4750: ./conftest
configure:4754: $? = 0
configure:4769: result: no
configure:4774: checking for suffix of object files
configure:4796: gcc -c   conftest.c >&5
configure:4800: $? = 0
configure:4821: result: o
configure:4825: checking whether we are using the GNU C compiler
configure:4844: gcc -c   conftest.c >&5
configure:4844: $? = 0
configure:4853: result: yes
configure:4862: checking whether gcc accepts -g
configure:4882: gcc -c -g  conftest.c >&5
configure:4882: $? = 0
configure:4923: result: yes
configure:4940: checking for gcc option to accept ISO C89
configure:5003: gcc  -c -g -O2  conftest.c >&5
configure:5003: $? = 0
configure:5016: result: none needed
configure:5038: checking dependency style of gcc
configure:5149: result: gcc3
configure:5164: checking for a sed that does not truncate output
configure:5228: result: /usr/bin/sed
configure:5246: checking for grep that handles long lines and -e
configure:5304: result: /usr/bin/grep
configure:5309: checking for egrep
configure:5371: result: /usr/bin/grep -E
configure:5376: checking for fgrep
configure:5438: result: /usr/bin/grep -F
configure:5473: checking for ld used by gcc
configure:5540: result: /usr/bin/ld
configure:5547: checking if the linker (/usr/bin/ld) is GNU ld
configure:5562: result: yes
configure:5574: checking for BSD- or MS-compatible name lister (nm)
configure:5623: result: /usr/bin/nm -B
configure:5753: checking the name lister (/usr/bin/nm -B) interface
configure:5760: gcc -c -g -O2  conftest.c >&5
configure:5763: /usr/bin/nm -B "conftest.o"
configure:5766: output
0000000000000000 B some_variable
configure:5773: result: BSD nm
configure:5776: checking whether ln -s works
configure:5780: result: yes
configure:5788: checking the maximum length of command line arguments
configure:5918: result: 1572864
configure:5935: checking whether the shell understands some XSI constructs
configure:5945: result: yes
configure:5949: checking whether the shell understands "+="
configure:5955: result: yes
configure:5990: checking how to convert x86_64-unknown-linux-gnu file names to x86_64-unknown-linux-gnu format
configure:6030: result: func_convert_file_noop
configure:6037: checking how to convert x86_64-unknown-linux-gnu file names to toolchain format
configure:6057: result: func_convert_file_noop
configure:6064: checking for /usr/bin/ld option to reload object files
configure:6071: result: -r
configure:6145: checking for objdump
configure:6161: found /usr/bin/objdump
configure:6172: result: objdump
configure:6204: checking how to recognize dependent libraries
configure:6406: result: pass_all
configure:6491: checking for dlltool
configure:6521: result: no
configure:6551: checking how to associate runtime and link libraries
configure:6578: result: printf %s\n
configure:6639: checking for ar
configure:6655: found /usr/bin/ar
configure:6666: result: ar
configure:6703: checking for archiver @FILE support
configure:6720: gcc -c -g -O2  conftest.c >&5
configure:6720: $? = 0
configure:6723: ar cru libconftest.a @conftest.lst >&5
configure:6726: $? = 0
configure:6731: ar cru libconftest.a @conftest.lst >&5
ar: conftest.o: No such file or directory
configure:6734: $? = 1
configure:6746: result: @
configure:6804: checking for strip
configure:6820: found /usr/bin/strip
configure:6831: result: strip
configure:6903: checking for ranlib
configure:6919: found /usr/bin/ranlib
configure:6930: result: ranlib
configure:7032: checking command to parse /usr/bin/nm -B output from gcc object
configure:7152: gcc -c -g -O2  conftest.c >&5
configure:7155: $? = 0
configure:7159: /usr/bin/nm -B conftest.o \| sed -n -e 's/^.*[ ]\([ABCDGIRSTW][ABCDGIRSTW]*\)[ ][ ]*\([_A-Za-z][_A-Za-z0-9]*\)$/\1 \2 \2/p' | sed '/ __gnu_lto/d' \> conftest.nm
configure:7162: $? = 0
configure:7228: gcc -o conftest -g -O2   conftest.c conftstm.o >&5
configure:7231: $? = 0
configure:7269: result: ok
configure:7306: checking for sysroot
configure:7336: result: no
configure:7413: gcc -c -g -O2  conftest.c >&5
configure:7416: $? = 0
configure:7598: checking for mt
configure:7628: result: no
configure:7648: checking if : is a manifest tool
configure:7654: : '-?'
configure:7662: result: no
configure:8304: checking how to run the C preprocessor
configure:8335: gcc -E  conftest.c
configure:8335: $? = 0
configure:8349: gcc -E  conftest.c
conftest.c:11:28: fatal error: ac_nonexistent.h: No such file or directory
 #include <ac_nonexistent.h>
                            ^
compilation terminated.
configure:8349: $? = 1
configure: failed program was:
| /* confdefs.h */
| #define PACKAGE_NAME "libebpf"
| #define PACKAGE_TARNAME "libebpf"
| #define PACKAGE_VERSION "0.1"
| #define PACKAGE_STRING "libebpf 0.1"
| #define PACKAGE_BUGREPORT "suchakrapani.sharma@polymtl.ca"
| #define PACKAGE_URL ""
| #define PACKAGE "libebpf"
| #define VERSION "0.1"
| /* end confdefs.h.  */
| #include <ac_nonexistent.h>
configure:8374: result: gcc -E
configure:8394: gcc -E  conftest.c
configure:8394: $? = 0
configure:8408: gcc -E  conftest.c
conftest.c:11:28: fatal error: ac_nonexistent.h: No such file or directory
 #include <ac_nonexistent.h>
                            ^
compilation terminated.
configure:8408: $? = 1
configure: failed program was:
| /* confdefs.h */
| #define PACKAGE_NAME "libebpf"
| #define PACKAGE_TARNAME "libebpf"
| #define PACKAGE_VERSION "0.1"
| #define PACKAGE_STRING "libebpf 0.1"
| #define PACKAGE_BUGREPORT "suchakrapani.sharma@polymtl.ca"
| #define PACKAGE_URL ""
| #define PACKAGE "libebpf"
| #define VERSION "0.1"
| /* end confdefs.h.  */
| #include <ac_nonexistent.h>
configure:8437: checking for ANSI C header files
configure:8457: gcc -c -g -O2  conftest.c >&5
configure:8457: $? = 0
configure:8530: gcc -o conftest -g -O2   conftest.c  >&5
configure:8530: $? = 0
configure:8530: ./conftest
configure:8530: $? = 0
configure:8541: result: yes
configure:8554: checking for sys/types.h
configure:8554: gcc -c -g -O2  conftest.c >&5
configure:8554: $? = 0
configure:8554: result: yes
configure:8554: checking for sys/stat.h
configure:8554: gcc -c -g -O2  conftest.c >&5
configure:8554: $? = 0
configure:8554: result: yes
configure:8554: checking for stdlib.h
configure:8554: gcc -c -g -O2  conftest.c >&5
configure:8554: $? = 0
configure:8554: result: yes
configure:8554: checking for string.h
configure:8554: gcc -c -g -O2  conftest.c >&5
configure:8554: $? = 0
configure:8554: result: yes
configure:8554: checking for memory.h
configure:8554: gcc -c -g -O2  conftest.c >&5
configure:8554: $? = 0
configure:8554: result: yes
configure:8554: checking for strings.h
configure:8554: gcc -c -g -O2  conftest.c >&5
configure:8554: $? = 0
configure:8554: result: yes
configure:8554: checking for inttypes.h
configure:8554: gcc -c -g -O2  conftest.c >&5
configure:8554: $? = 0
configure:8554: result: yes
configure:8554: checking for stdint.h
configure:8554: gcc -c -g -O2  conftest.c >&5
configure:8554: $? = 0
configure:8554: result: yes
configure:8554: checking for unistd.h
configure:8554: gcc -c -g -O2  conftest.c >&5
configure:8554: $? = 0
configure:8554: result: yes
configure:8568: checking for dlfcn.h
configure:8568: gcc -c -g -O2  conftest.c >&5
configure:8568: $? = 0
configure:8568: result: yes
configure:8774: checking for objdir
configure:8789: result: .libs
configure:9060: checking if gcc supports -fno-rtti -fno-exceptions
configure:9078: gcc -c -g -O2  -fno-rtti -fno-exceptions conftest.c >&5
cc1: warning: command line option '-fno-rtti' is valid for C++/ObjC++ but not for C [enabled by default]
configure:9082: $? = 0
configure:9095: result: no
configure:9422: checking for gcc option to produce PIC
configure:9429: result: -fPIC -DPIC
configure:9437: checking if gcc PIC flag -fPIC -DPIC works
configure:9455: gcc -c -g -O2  -fPIC -DPIC -DPIC conftest.c >&5
configure:9459: $? = 0
configure:9472: result: yes
configure:9501: checking if gcc static flag -static works
configure:9529: result: no
configure:9544: checking if gcc supports -c -o file.o
configure:9565: gcc -c -g -O2  -o out/conftest2.o conftest.c >&5
configure:9569: $? = 0
configure:9591: result: yes
configure:9599: checking if gcc supports -c -o file.o
configure:9646: result: yes
configure:9679: checking whether the gcc linker (/usr/bin/ld -m elf_x86_64) supports shared libraries
configure:10832: result: yes
configure:10869: checking whether -lc should be explicitly linked in
configure:10877: gcc -c -g -O2  conftest.c >&5
configure:10880: $? = 0
configure:10895: gcc -shared  -fPIC -DPIC conftest.o  -v -Wl,-soname -Wl,conftest -o conftest 2\>\&1 \| /usr/bin/grep  -lc  \>/dev/null 2\>\&1
configure:10898: $? = 0
configure:10912: result: no
configure:11072: checking dynamic linker characteristics
configure:11583: gcc -o conftest -g -O2   -Wl,-rpath -Wl,/foo conftest.c  >&5
configure:11583: $? = 0
configure:11809: result: GNU/Linux ld.so
configure:11916: checking how to hardcode library paths into programs
configure:11941: result: immediate
configure:12481: checking whether stripping libraries is possible
configure:12486: result: yes
configure:12521: checking if libtool supports shared libraries
configure:12523: result: yes
configure:12526: checking whether to build shared libraries
configure:12547: result: yes
configure:12550: checking whether to build static libraries
configure:12554: result: yes
configure:12594: checking whether gcc and cc understand -c and -o together
configure:12625: gcc -c conftest.c -o conftest2.o >&5
configure:12629: $? = 0
configure:12635: gcc -c conftest.c -o conftest2.o >&5
configure:12639: $? = 0
configure:12650: cc -c conftest.c >&5
configure:12654: $? = 0
configure:12662: cc -c conftest.c -o conftest2.o >&5
configure:12666: $? = 0
configure:12672: cc -c conftest.c -o conftest2.o >&5
configure:12676: $? = 0
configure:12694: result: yes
configure:12731: checking dependency style of gcc
configure:12840: result: gcc3
configure:12862: checking stddef.h usability
configure:12862: gcc -c -g -O2  conftest.c >&5
configure:12862: $? = 0
configure:12862: result: yes
configure:12862: checking stddef.h presence
configure:12862: gcc -E  conftest.c
configure:12862: $? = 0
configure:12862: result: yes
configure:12862: checking for stddef.h
configure:12862: result: yes
configure:12862: checking for stdlib.h
configure:12862: result: yes
configure:12862: checking for string.h
configure:12862: result: yes
configure:12862: checking for unistd.h
configure:12862: result: yes
configure:12874: checking for stdbool.h that conforms to C99
configure:12941: gcc -c -g -O2  conftest.c >&5
configure:12941: $? = 0
configure:12948: result: yes
configure:12950: checking for _Bool
configure:12950: gcc -c -g -O2  conftest.c >&5
configure:12950: $? = 0
configure:12950: gcc -c -g -O2  conftest.c >&5
conftest.c: In function 'main':
conftest.c:63:20: error: expected expression before ')' token
 if (sizeof ((_Bool)))
                    ^
configure:12950: $? = 1
configure: failed program was:
| /* confdefs.h */
| #define PACKAGE_NAME "libebpf"
| #define PACKAGE_TARNAME "libebpf"
| #define PACKAGE_VERSION "0.1"
| #define PACKAGE_STRING "libebpf 0.1"
| #define PACKAGE_BUGREPORT "suchakrapani.sharma@polymtl.ca"
| #define PACKAGE_URL ""
| #define PACKAGE "libebpf"
| #define VERSION "0.1"
| #define STDC_HEADERS 1
| #define HAVE_SYS_TYPES_H 1
| #define HAVE_SYS_STAT_H 1
| #define HAVE_STDLIB_H 1
| #define HAVE_STRING_H 1
| #define HAVE_MEMORY_H 1
| #define HAVE_STRINGS_H 1
| #define HAVE_INTTYPES_H 1
| #define HAVE_STDINT_H 1
| #define HAVE_UNISTD_H 1
| #define HAVE_DLFCN_H 1
| #define LT_OBJDIR ".libs/"
| #define HAVE_STDDEF_H 1
| #define HAVE_STDLIB_H 1
| #define HAVE_STRING_H 1
| #define HAVE_UNISTD_H 1
| /* end confdefs.h.  */
| #include <stdio.h>
| #ifdef HAVE_SYS_TYPES_H
| # include <sys/types.h>
| #endif
| #ifdef HAVE_SYS_STAT_H
| # include <sys/stat.h>
| #endif
| #ifdef STDC_HEADERS
| # include <stdlib.h>
| # include <stddef.h>
| #else
| # ifdef HAVE_STDLIB_H
| #  include <stdlib.h>
| # endif
| #endif
| #ifdef HAVE_STRING_H
| # if !defined STDC_HEADERS && defined HAVE_MEMORY_H
| #  include <memory.h>
| # endif
| # include <string.h>
| #endif
| #ifdef HAVE_STRINGS_H
| # include <strings.h>
| #endif
| #ifdef HAVE_INTTYPES_H
| # include <inttypes.h>
| #endif
| #ifdef HAVE_STDINT_H
| # include <stdint.h>
| #endif
| #ifdef HAVE_UNISTD_H
| # include <unistd.h>
| #endif
| int
| main ()
| {
| if (sizeof ((_Bool)))
| 	    return 0;
|   ;
|   return 0;
| }
configure:12950: result: yes
configure:12961: checking for inline
configure:12977: gcc -c -g -O2  conftest.c >&5
configure:12977: $? = 0
configure:12985: result: inline
configure:13007: checking for stdlib.h
configure:13007: result: yes
configure:13017: checking for GNU libc compatible malloc
configure:13041: gcc -o conftest -g -O2   conftest.c  >&5
configure:13041: $? = 0
configure:13041: ./conftest
configure:13041: $? = 0
configure:13051: result: yes
configure:13075: checking for getpagesize
configure:13075: gcc -o conftest -g -O2   conftest.c  >&5
configure:13075: $? = 0
configure:13075: result: yes
configure:13075: checking for memset
configure:13075: gcc -o conftest -g -O2   conftest.c  >&5
conftest.c:54:6: warning: conflicting types for built-in function 'memset' [enabled by default]
 char memset ();
      ^
configure:13075: $? = 0
configure:13075: result: yes
configure:13230: checking that generated files are newer than configure
configure:13236: result: done
configure:13263: creating ./config.status

## ---------------------- ##
## Running config.status. ##
## ---------------------- ##

This file was extended by libebpf config.status 0.1, which was
generated by GNU Autoconf 2.69.  Invocation command line was

  CONFIG_FILES    = 
  CONFIG_HEADERS  = 
  CONFIG_LINKS    = 
  CONFIG_COMMANDS = 
  $ ./config.status 

on isengard

config.status:1010: creating Makefile
config.status:1010: creating src/Makefile
config.status:1182: executing depfiles commands
config.status:1182: executing libtool commands

## ---------------- ##
## Cache variables. ##
## ---------------- ##

ac_cv_build=x86_64-unknown-linux-gnu
ac_cv_c_compiler_gnu=yes
ac_cv_c_inline=inline
ac_cv_env_CCASFLAGS_set=
ac_cv_env_CCASFLAGS_value=
ac_cv_env_CCAS_set=
ac_cv_env_CCAS_value=
ac_cv_env_CC_set=
ac_cv_env_CC_value=
ac_cv_env_CFLAGS_set=
ac_cv_env_CFLAGS_value=
ac_cv_env_CPPFLAGS_set=
ac_cv_env_CPPFLAGS_value=
ac_cv_env_CPP_set=
ac_cv_env_CPP_value=
ac_cv_env_LDFLAGS_set=
ac_cv_env_LDFLAGS_value=
ac_cv_env_LIBS_set=
ac_cv_env_LIBS_value=
ac_cv_env_build_alias_set=
ac_cv_env_build_alias_value=
ac_cv_env_host_alias_set=
ac_cv_env_host_alias_value=
ac_cv_env_target_alias_set=
ac_cv_env_target_alias_value=
ac_cv_func_getpagesize=yes
ac_cv_func_malloc_0_nonnull=yes
ac_cv_func_memset=yes
ac_cv_header_dlfcn_h=yes
ac_cv_header_inttypes_h=yes
ac_cv_header_memory_h=yes
ac_cv_header_stdbool_h=yes
ac_cv_header_stdc=yes
ac_cv_header_stddef_h=yes
ac_cv_header_stdint_h=yes
ac_cv_header_stdlib_h=yes
ac_cv_header_string_h=yes
ac_cv_header_strings_h=yes
ac_cv_header_sys_stat_h=yes
ac_cv_header_sys_types_h=yes
ac_cv_header_unistd_h=yes
ac_cv_host=x86_64-unknown-linux-gnu
ac_cv_objext=o
ac_cv_path_EGREP='/usr/bin/grep -E'
ac_cv_path_FGREP='/usr/bin/grep -F'
ac_cv_path_GREP=/usr/bin/grep
ac_cv_path_SED=/usr/bin/sed
ac_cv_path_install='/usr/bin/install -c'
ac_cv_path_mkdir=/usr/bin/mkdir
ac_cv_prog_AWK=gawk
ac_cv_prog_CPP='gcc -E'
ac_cv_prog_ac_ct_AR=ar
ac_cv_prog_ac_ct_CC=gcc
ac_cv_prog_ac_ct_OBJDUMP=objdump
ac_cv_prog_ac_ct_RANLIB=ranlib
ac_cv_prog_ac_ct_STRIP=strip
ac_cv_prog_cc_c89=
ac_cv_prog_cc_g=yes
ac_cv_prog_cc_gcc_c_o=yes
ac_cv_prog_make_make_set=yes
ac_cv_type__Bool=yes
am_cv_CCAS_dependencies_compiler_type=gcc3
am_cv_CC_dependencies_compiler_type=gcc3
am_cv_make_support_nested_variables=yes
lt_cv_ar_at_file=@
lt_cv_archive_cmds_need_lc=no
lt_cv_deplibs_check_method=pass_all
lt_cv_file_magic_cmd='$MAGIC_CMD'
lt_cv_file_magic_test_file=
lt_cv_ld_reload_flag=-r
lt_cv_nm_interface='BSD nm'
lt_cv_objdir=.libs
lt_cv_path_LD=/usr/bin/ld
lt_cv_path_NM='/usr/bin/nm -B'
lt_cv_path_mainfest_tool=no
lt_cv_prog_compiler_c_o=yes
lt_cv_prog_compiler_pic='-fPIC -DPIC'
lt_cv_prog_compiler_pic_works=yes
lt_cv_prog_compiler_rtti_exceptions=no
lt_cv_prog_compiler_static_works=no
lt_cv_prog_gnu_ld=yes
lt_cv_sharedlib_from_linklib_cmd='printf %s\n'
lt_cv_shlibpath_overrides_runpath=no
lt_cv_sys_global_symbol_pipe='sed -n -e '\''s/^.*[	 ]\([ABCDGIRSTW][ABCDGIRSTW]*\)[	 ][	 ]*\([_A-Za-z][_A-Za-z0-9]*\)$/\1 \2 \2/p'\'' | sed '\''/ __gnu_lto/d'\'''
lt_cv_sys_global_symbol_to_c_name_address='sed -n -e '\''s/^: \([^ ]*\)[ ]*$/  {\"\1\", (void *) 0},/p'\'' -e '\''s/^[ABCDGIRSTW]* \([^ ]*\) \([^ ]*\)$/  {"\2", (void *) \&\2},/p'\'''
lt_cv_sys_global_symbol_to_c_name_address_lib_prefix='sed -n -e '\''s/^: \([^ ]*\)[ ]*$/  {\"\1\", (void *) 0},/p'\'' -e '\''s/^[ABCDGIRSTW]* \([^ ]*\) \(lib[^ ]*\)$/  {"\2", (void *) \&\2},/p'\'' -e '\''s/^[ABCDGIRSTW]* \([^ ]*\) \([^ ]*\)$/  {"lib\2", (void *) \&\2},/p'\'''
lt_cv_sys_global_symbol_to_cdecl='sed -n -e '\''s/^T .* \(.*\)$/extern int \1();/p'\'' -e '\''s/^[ABCDGIRSTW]* .* \(.*\)$/extern char \1;/p'\'''
lt_cv_sys_max_cmd_len=1572864
lt_cv_to_host_file_cmd=func_convert_file_noop
lt_cv_to_tool_file_cmd=func_convert_file_noop

## ----------------- ##
## Output variables. ##
## ----------------- ##

ACLOCAL='${SHELL} /home/suchakra/Projects/repos/libebpf/missing aclocal-1.13'
AMDEPBACKSLASH='\'
AMDEP_FALSE='#'
AMDEP_TRUE=''
AMTAR='$${TAR-tar}'
AM_BACKSLASH='\'
AM_DEFAULT_V='$(AM_DEFAULT_VERBOSITY)'
AM_DEFAULT_VERBOSITY='1'
AM_V='$(V)'
AR='ar'
AUTOCONF='${SHELL} /home/suchakra/Projects/repos/libebpf/missing autoconf'
AUTOHEADER='${SHELL} /home/suchakra/Projects/repos/libebpf/missing autoheader'
AUTOMAKE='${SHELL} /home/suchakra/Projects/repos/libebpf/missing automake-1.13'
AWK='gawk'
CC='gcc'
CCAS='gcc'
CCASDEPMODE='depmode=gcc3'
CCASFLAGS='-g -O2'
CCDEPMODE='depmode=gcc3'
CFLAGS='-g -O2'
CPP='gcc -E'
CPPFLAGS=''
CYGPATH_W='echo'
DEFS='-DPACKAGE_NAME=\"libebpf\" -DPACKAGE_TARNAME=\"libebpf\" -DPACKAGE_VERSION=\"0.1\" -DPACKAGE_STRING=\"libebpf\ 0.1\" -DPACKAGE_BUGREPORT=\"suchakrapani.sharma@polymtl.ca\" -DPACKAGE_URL=\"\" -DPACKAGE=\"libebpf\" -DVERSION=\"0.1\" -DSTDC_HEADERS=1 -DHAVE_SYS_TYPES_H=1 -DHAVE_SYS_STAT_H=1 -DHAVE_STDLIB_H=1 -DHAVE_STRING_H=1 -DHAVE_MEMORY_H=1 -DHAVE_STRINGS_H=1 -DHAVE_INTTYPES_H=1 -DHAVE_STDINT_H=1 -DHAVE_UNISTD_H=1 -DHAVE_DLFCN_H=1 -DLT_OBJDIR=\".libs/\" -DHAVE_STDDEF_H=1 -DHAVE_STDLIB_H=1 -DHAVE_STRING_H=1 -DHAVE_UNISTD_H=1 -DHAVE__BOOL=1 -DHAVE_STDLIB_H=1 -DHAVE_MALLOC=1 -DHAVE_GETPAGESIZE=1 -DHAVE_MEMSET=1'
DEPDIR='.deps'
DLLTOOL='false'
DSYMUTIL=''
DUMPBIN=''
ECHO_C=''
ECHO_N='-n'
ECHO_T=''
EGREP='/usr/bin/grep -E'
EXEEXT=''
FGREP='/usr/bin/grep -F'
GREP='/usr/bin/grep'
INSTALL_DATA='${INSTALL} -m 644'
INSTALL_PROGRAM='${INSTALL}'
INSTALL_SCRIPT='${INSTALL}'
INSTALL_STRIP_PROGRAM='$(install_sh) -c -s'
LD='/usr/bin/ld -m elf_x86_64'
LDFLAGS=''
LIBOBJS=''
LIBS=''
LIBTOOL='$(SHELL) $(top_builddir)/libtool'
LIPO=''
LN_S='ln -s'
LTLIBOBJS=''
MAKEINFO='${SHELL} /home/suchakra/Projects/repos/libebpf/missing makeinfo'
MANIFEST_TOOL=':'
MKDIR_P='/usr/bin/mkdir -p'
NM='/usr/bin/nm -B'
NMEDIT=''
OBJDUMP='objdump'
OBJEXT='o'
OTOOL64=''
OTOOL=''
PACKAGE='libebpf'
PACKAGE_BUGREPORT='suchakrapani.sharma@polymtl.ca'
PACKAGE_NAME='libebpf'
PACKAGE_STRING='libebpf 0.1'
PACKAGE_TARNAME='libebpf'
PACKAGE_URL=''
PACKAGE_VERSION='0.1'
PATH_SEPARATOR=':'
RANLIB='ranlib'
SED='/usr/bin/sed'
SET_MAKE=''
SHELL='/bin/sh'
STRIP='strip'
VERSION='0.1'
ac_ct_AR='ar'
ac_ct_CC='gcc'
ac_ct_DUMPBIN=''
am__EXEEXT_FALSE=''
am__EXEEXT_TRUE='#'
am__fastdepCCAS_FALSE='#'
am__fastdepCCAS_TRUE=''
am__fastdepCC_FALSE='#'
am__fastdepCC_TRUE=''
am__include='include'
am__isrc=''
am__leading_dot='.'
am__nodep='_no'
am__quote=''
am__tar='$${TAR-tar} chof - "$$tardir"'
am__untar='$${TAR-tar} xf -'
bindir='${exec_prefix}/bin'
build='x86_64-unknown-linux-gnu'
build_alias=''
build_cpu='x86_64'
build_os='linux-gnu'
build_vendor='unknown'
datadir='${datarootdir}'
datarootdir='${prefix}/share'
docdir='${datarootdir}/doc/${PACKAGE_TARNAME}'
dvidir='${docdir}'
exec_prefix='${prefix}'
host='x86_64-unknown-linux-gnu'
host_alias=''
host_cpu='x86_64'
host_os='linux-gnu'
host_vendor='unknown'
htmldir='${docdir}'
includedir='${prefix}/include'
infodir='${datarootdir}/info'
install_sh='${SHELL} /home/suchakra/Projects/repos/libebpf/install-sh'
libdir='${exec_prefix}/lib'
libexecdir='${exec_prefix}/libexec'
localedir='${datarootdir}/locale'
localstatedir='${prefix}/var'
mandir='${datarootdir}/man'
mkdir_p='$(MKDIR_P)'
oldincludedir='/usr/include'
pdfdir='${docdir}'
prefix='/usr/local'
program_transform_name='s,x,x,'
psdir='${docdir}'
sbindir='${exec_prefix}/sbin'
sharedstatedir='${prefix}/com'
sysconfdir='${prefix}/etc'
target_alias=''

## ----------- ##
## confdefs.h. ##
## ----------- ##

/* confdefs.h */
#define PACKAGE_NAME "libebpf"
#define PACKAGE_TARNAME "libebpf"
#define PACKAGE_VERSION "0.1"
#define PACKAGE_STRING "libebpf 0.1"
#define PACKAGE_BUGREPORT "suchakrapani.sharma@polymtl.ca"
#define PACKAGE_URL ""
#define PACKAGE "libebpf"
#define VERSION "0.1"
#define STDC_HEADERS 1
#define HAVE_SYS_TYPES_H 1
#define HAVE_SYS_STAT_H 1
#define HAVE_STDLIB_H 1
#define HAVE_STRING_H 1
#define HAVE_MEMORY_H 1
#define HAVE_STRINGS_H 1
#define HAVE_INTTYPES_H 1
#define HAVE_STDINT_H 1
#define HAVE_UNISTD_H 1
#define HAVE_DLFCN_H 1
#define LT_OBJDIR ".libs/"
#define HAVE_STDDEF_H 1
#define HAVE_STDLIB_H 1
#define HAVE_STRING_H 1
#define HAVE_UNISTD_H 1
#define HAVE__BOOL 1
#define HAVE_STDLIB_H 1
#define HAVE_MALLOC 1
#define HAVE_GETPAGESIZE 1
#define HAVE_MEMSET 1

configure: exit 0
